mode: set
github.com/skycoin/cx/cmd/packageloader/loader/loader.go:42.51,43.28 1 1
github.com/skycoin/cx/cmd/packageloader/loader/loader.go:48.2,48.14 1 1
github.com/skycoin/cx/cmd/packageloader/loader/loader.go:43.28,44.22 1 1
github.com/skycoin/cx/cmd/packageloader/loader/loader.go:44.22,46.4 1 1
github.com/skycoin/cx/cmd/packageloader/loader/loader.go:51.52,57.86 4 1
github.com/skycoin/cx/cmd/packageloader/loader/loader.go:66.2,66.16 1 1
github.com/skycoin/cx/cmd/packageloader/loader/loader.go:70.2,70.37 1 1
github.com/skycoin/cx/cmd/packageloader/loader/loader.go:73.2,73.47 1 1
github.com/skycoin/cx/cmd/packageloader/loader/loader.go:57.86,58.17 1 1
github.com/skycoin/cx/cmd/packageloader/loader/loader.go:61.3,61.19 1 1
github.com/skycoin/cx/cmd/packageloader/loader/loader.go:64.3,64.13 1 1
github.com/skycoin/cx/cmd/packageloader/loader/loader.go:58.17,60.4 1 0
github.com/skycoin/cx/cmd/packageloader/loader/loader.go:61.19,63.4 1 1
github.com/skycoin/cx/cmd/packageloader/loader/loader.go:66.16,68.3 1 0
github.com/skycoin/cx/cmd/packageloader/loader/loader.go:70.37,72.3 1 1
github.com/skycoin/cx/cmd/packageloader/loader/loader.go:76.60,77.31 1 1
github.com/skycoin/cx/cmd/packageloader/loader/loader.go:80.2,81.50 2 1
github.com/skycoin/cx/cmd/packageloader/loader/loader.go:84.2,88.16 5 1
github.com/skycoin/cx/cmd/packageloader/loader/loader.go:91.2,91.33 1 1
github.com/skycoin/cx/cmd/packageloader/loader/loader.go:97.2,97.24 1 1
github.com/skycoin/cx/cmd/packageloader/loader/loader.go:108.2,108.23 1 1
github.com/skycoin/cx/cmd/packageloader/loader/loader.go:121.2,124.31 4 1
github.com/skycoin/cx/cmd/packageloader/loader/loader.go:77.31,79.3 1 1
github.com/skycoin/cx/cmd/packageloader/loader/loader.go:81.50,83.3 1 1
github.com/skycoin/cx/cmd/packageloader/loader/loader.go:88.16,90.3 1 0
github.com/skycoin/cx/cmd/packageloader/loader/loader.go:91.33,92.55 1 1
github.com/skycoin/cx/cmd/packageloader/loader/loader.go:95.3,95.40 1 1
github.com/skycoin/cx/cmd/packageloader/loader/loader.go:92.55,93.12 1 1
github.com/skycoin/cx/cmd/packageloader/loader/loader.go:97.24,99.17 2 1
github.com/skycoin/cx/cmd/packageloader/loader/loader.go:102.3,103.17 2 1
github.com/skycoin/cx/cmd/packageloader/loader/loader.go:106.3,106.39 1 1
github.com/skycoin/cx/cmd/packageloader/loader/loader.go:99.17,101.4 1 0
github.com/skycoin/cx/cmd/packageloader/loader/loader.go:103.17,105.4 1 0
github.com/skycoin/cx/cmd/packageloader/loader/loader.go:108.23,112.17 4 1
github.com/skycoin/cx/cmd/packageloader/loader/loader.go:115.3,115.19 1 1
github.com/skycoin/cx/cmd/packageloader/loader/loader.go:119.3,119.39 1 1
github.com/skycoin/cx/cmd/packageloader/loader/loader.go:112.17,114.4 1 0
github.com/skycoin/cx/cmd/packageloader/loader/loader.go:115.19,118.4 2 0
github.com/skycoin/cx/cmd/packageloader/loader/loader.go:124.31,125.36 1 1
github.com/skycoin/cx/cmd/packageloader/loader/loader.go:128.3,128.45 1 1
github.com/skycoin/cx/cmd/packageloader/loader/loader.go:125.36,126.12 1 0
github.com/skycoin/cx/cmd/packageloader/loader/loader.go:133.100,135.16 2 1
github.com/skycoin/cx/cmd/packageloader/loader/loader.go:138.2,139.16 2 1
github.com/skycoin/cx/cmd/packageloader/loader/loader.go:142.2,142.37 1 1
github.com/skycoin/cx/cmd/packageloader/loader/loader.go:155.2,155.40 1 1
github.com/skycoin/cx/cmd/packageloader/loader/loader.go:135.16,137.3 1 0
github.com/skycoin/cx/cmd/packageloader/loader/loader.go:139.16,141.3 1 0
github.com/skycoin/cx/cmd/packageloader/loader/loader.go:142.37,144.17 2 1
github.com/skycoin/cx/cmd/packageloader/loader/loader.go:147.3,148.17 2 1
github.com/skycoin/cx/cmd/packageloader/loader/loader.go:151.3,151.36 1 1
github.com/skycoin/cx/cmd/packageloader/loader/loader.go:144.17,146.4 1 0
github.com/skycoin/cx/cmd/packageloader/loader/loader.go:148.17,150.4 1 0
github.com/skycoin/cx/cmd/packageloader/loader/loader.go:151.36,153.4 1 1
github.com/skycoin/cx/cmd/packageloader/loader/loader.go:159.59,161.16 2 1
github.com/skycoin/cx/cmd/packageloader/loader/loader.go:164.2,167.34 4 1
github.com/skycoin/cx/cmd/packageloader/loader/loader.go:173.2,174.28 2 1
github.com/skycoin/cx/cmd/packageloader/loader/loader.go:161.16,163.3 1 0
github.com/skycoin/cx/cmd/packageloader/loader/loader.go:167.34,169.115 2 1
github.com/skycoin/cx/cmd/packageloader/loader/loader.go:169.115,171.4 1 0
github.com/skycoin/cx/cmd/packageloader/loader/loader.go:178.75,180.16 2 1
github.com/skycoin/cx/cmd/packageloader/loader/loader.go:183.2,186.21 4 1
github.com/skycoin/cx/cmd/packageloader/loader/loader.go:195.2,195.21 1 1
github.com/skycoin/cx/cmd/packageloader/loader/loader.go:180.16,182.3 1 0
github.com/skycoin/cx/cmd/packageloader/loader/loader.go:186.21,187.33 1 1
github.com/skycoin/cx/cmd/packageloader/loader/loader.go:191.3,191.115 1 1
github.com/skycoin/cx/cmd/packageloader/loader/loader.go:187.33,190.4 2 1
github.com/skycoin/cx/cmd/packageloader/loader/loader.go:191.115,192.9 1 0
github.com/skycoin/cx/cmd/packageloader/loader/loader.go:199.61,200.32 1 1
github.com/skycoin/cx/cmd/packageloader/loader/loader.go:200.32,206.17 3 1
github.com/skycoin/cx/cmd/packageloader/loader/loader.go:209.3,212.32 4 1
github.com/skycoin/cx/cmd/packageloader/loader/loader.go:206.17,208.4 1 0
github.com/skycoin/cx/cmd/packageloader/loader/loader.go:217.58,222.16 4 1
github.com/skycoin/cx/cmd/packageloader/loader/loader.go:225.2,229.12 4 1
github.com/skycoin/cx/cmd/packageloader/loader/loader.go:222.16,224.3 1 0
github.com/skycoin/cx/cmd/packageloader/loader/loader.go:233.72,238.16 4 1
github.com/skycoin/cx/cmd/packageloader/loader/loader.go:241.2,244.12 4 1
github.com/skycoin/cx/cmd/packageloader/loader/loader.go:238.16,240.3 1 0
