mode: set
github.com/skycoin/cx/cmd/packageloader/packageloader.go:38.51,39.28 1 1
github.com/skycoin/cx/cmd/packageloader/packageloader.go:44.2,44.14 1 1
github.com/skycoin/cx/cmd/packageloader/packageloader.go:39.28,40.22 1 1
github.com/skycoin/cx/cmd/packageloader/packageloader.go:40.22,42.4 1 1
github.com/skycoin/cx/cmd/packageloader/packageloader.go:47.13,48.39 1 0
github.com/skycoin/cx/cmd/packageloader/packageloader.go:53.2,56.86 3 0
github.com/skycoin/cx/cmd/packageloader/packageloader.go:65.2,65.16 1 0
github.com/skycoin/cx/cmd/packageloader/packageloader.go:69.2,69.37 1 0
github.com/skycoin/cx/cmd/packageloader/packageloader.go:72.2,73.40 2 0
github.com/skycoin/cx/cmd/packageloader/packageloader.go:76.2,76.18 1 0
github.com/skycoin/cx/cmd/packageloader/packageloader.go:48.39,50.3 1 0
github.com/skycoin/cx/cmd/packageloader/packageloader.go:50.8,52.3 1 0
github.com/skycoin/cx/cmd/packageloader/packageloader.go:56.86,57.17 1 0
github.com/skycoin/cx/cmd/packageloader/packageloader.go:60.3,60.19 1 0
github.com/skycoin/cx/cmd/packageloader/packageloader.go:63.3,63.13 1 0
github.com/skycoin/cx/cmd/packageloader/packageloader.go:57.17,59.4 1 0
github.com/skycoin/cx/cmd/packageloader/packageloader.go:60.19,62.4 1 0
github.com/skycoin/cx/cmd/packageloader/packageloader.go:65.16,67.3 1 0
github.com/skycoin/cx/cmd/packageloader/packageloader.go:69.37,71.3 1 0
github.com/skycoin/cx/cmd/packageloader/packageloader.go:73.40,75.3 1 0
github.com/skycoin/cx/cmd/packageloader/packageloader.go:79.60,80.31 1 0
github.com/skycoin/cx/cmd/packageloader/packageloader.go:83.2,84.50 2 0
github.com/skycoin/cx/cmd/packageloader/packageloader.go:87.2,91.16 5 0
github.com/skycoin/cx/cmd/packageloader/packageloader.go:94.2,94.33 1 0
github.com/skycoin/cx/cmd/packageloader/packageloader.go:100.2,100.24 1 0
github.com/skycoin/cx/cmd/packageloader/packageloader.go:111.2,111.23 1 0
github.com/skycoin/cx/cmd/packageloader/packageloader.go:124.2,127.31 4 0
github.com/skycoin/cx/cmd/packageloader/packageloader.go:80.31,82.3 1 0
github.com/skycoin/cx/cmd/packageloader/packageloader.go:84.50,86.3 1 0
github.com/skycoin/cx/cmd/packageloader/packageloader.go:91.16,93.3 1 0
github.com/skycoin/cx/cmd/packageloader/packageloader.go:94.33,95.55 1 0
github.com/skycoin/cx/cmd/packageloader/packageloader.go:98.3,98.40 1 0
github.com/skycoin/cx/cmd/packageloader/packageloader.go:95.55,96.12 1 0
github.com/skycoin/cx/cmd/packageloader/packageloader.go:100.24,102.17 2 0
github.com/skycoin/cx/cmd/packageloader/packageloader.go:105.3,106.17 2 0
github.com/skycoin/cx/cmd/packageloader/packageloader.go:109.3,109.39 1 0
github.com/skycoin/cx/cmd/packageloader/packageloader.go:102.17,104.4 1 0
github.com/skycoin/cx/cmd/packageloader/packageloader.go:106.17,108.4 1 0
github.com/skycoin/cx/cmd/packageloader/packageloader.go:111.23,115.17 4 0
github.com/skycoin/cx/cmd/packageloader/packageloader.go:118.3,118.19 1 0
github.com/skycoin/cx/cmd/packageloader/packageloader.go:122.3,122.39 1 0
github.com/skycoin/cx/cmd/packageloader/packageloader.go:115.17,117.4 1 0
github.com/skycoin/cx/cmd/packageloader/packageloader.go:118.19,121.4 2 0
github.com/skycoin/cx/cmd/packageloader/packageloader.go:127.31,128.36 1 0
github.com/skycoin/cx/cmd/packageloader/packageloader.go:131.3,131.45 1 0
github.com/skycoin/cx/cmd/packageloader/packageloader.go:128.36,129.12 1 0
github.com/skycoin/cx/cmd/packageloader/packageloader.go:136.100,138.16 2 1
github.com/skycoin/cx/cmd/packageloader/packageloader.go:141.2,142.16 2 1
github.com/skycoin/cx/cmd/packageloader/packageloader.go:145.2,145.37 1 1
github.com/skycoin/cx/cmd/packageloader/packageloader.go:158.2,158.40 1 1
github.com/skycoin/cx/cmd/packageloader/packageloader.go:138.16,140.3 1 0
github.com/skycoin/cx/cmd/packageloader/packageloader.go:142.16,144.3 1 0
github.com/skycoin/cx/cmd/packageloader/packageloader.go:145.37,147.17 2 1
github.com/skycoin/cx/cmd/packageloader/packageloader.go:150.3,151.17 2 1
github.com/skycoin/cx/cmd/packageloader/packageloader.go:154.3,154.36 1 1
github.com/skycoin/cx/cmd/packageloader/packageloader.go:147.17,149.4 1 0
github.com/skycoin/cx/cmd/packageloader/packageloader.go:151.17,153.4 1 0
github.com/skycoin/cx/cmd/packageloader/packageloader.go:154.36,156.4 1 1
github.com/skycoin/cx/cmd/packageloader/packageloader.go:162.59,164.16 2 1
github.com/skycoin/cx/cmd/packageloader/packageloader.go:167.2,170.34 4 1
github.com/skycoin/cx/cmd/packageloader/packageloader.go:176.2,177.28 2 1
github.com/skycoin/cx/cmd/packageloader/packageloader.go:164.16,166.3 1 0
github.com/skycoin/cx/cmd/packageloader/packageloader.go:170.34,172.115 2 1
github.com/skycoin/cx/cmd/packageloader/packageloader.go:172.115,174.4 1 0
github.com/skycoin/cx/cmd/packageloader/packageloader.go:181.75,183.16 2 1
github.com/skycoin/cx/cmd/packageloader/packageloader.go:186.2,189.21 4 1
github.com/skycoin/cx/cmd/packageloader/packageloader.go:198.2,198.21 1 1
github.com/skycoin/cx/cmd/packageloader/packageloader.go:183.16,185.3 1 0
github.com/skycoin/cx/cmd/packageloader/packageloader.go:189.21,190.33 1 1
github.com/skycoin/cx/cmd/packageloader/packageloader.go:194.3,194.115 1 1
github.com/skycoin/cx/cmd/packageloader/packageloader.go:190.33,193.4 2 1
github.com/skycoin/cx/cmd/packageloader/packageloader.go:194.115,195.9 1 0
github.com/skycoin/cx/cmd/packageloader/packageloader.go:202.61,203.32 1 0
github.com/skycoin/cx/cmd/packageloader/packageloader.go:203.32,209.17 3 0
github.com/skycoin/cx/cmd/packageloader/packageloader.go:212.3,215.32 4 0
github.com/skycoin/cx/cmd/packageloader/packageloader.go:209.17,211.4 1 0
github.com/skycoin/cx/cmd/packageloader/packageloader.go:220.58,225.16 4 0
github.com/skycoin/cx/cmd/packageloader/packageloader.go:228.2,231.12 3 0
github.com/skycoin/cx/cmd/packageloader/packageloader.go:225.16,227.3 1 0
github.com/skycoin/cx/cmd/packageloader/packageloader.go:235.72,240.16 4 0
github.com/skycoin/cx/cmd/packageloader/packageloader.go:243.2,245.12 3 0
github.com/skycoin/cx/cmd/packageloader/packageloader.go:240.16,242.3 1 0
