mode: set
github.com/skycoin/cx/cmd/type_checker/functions.go:14.76,16.28 1 1
github.com/skycoin/cx/cmd/type_checker/functions.go:58.2,58.12 1 1
github.com/skycoin/cx/cmd/type_checker/functions.go:16.28,22.31 2 1
github.com/skycoin/cx/cmd/type_checker/functions.go:35.3,38.17 3 1
github.com/skycoin/cx/cmd/type_checker/functions.go:42.3,47.24 4 1
github.com/skycoin/cx/cmd/type_checker/functions.go:22.31,28.18 4 1
github.com/skycoin/cx/cmd/type_checker/functions.go:32.4,32.16 1 1
github.com/skycoin/cx/cmd/type_checker/functions.go:28.18,30.5 1 0
github.com/skycoin/cx/cmd/type_checker/functions.go:38.17,40.4 1 0
github.com/skycoin/cx/cmd/type_checker/functions.go:47.24,49.18 2 1
github.com/skycoin/cx/cmd/type_checker/functions.go:52.4,52.91 1 1
github.com/skycoin/cx/cmd/type_checker/functions.go:49.18,51.5 1 0
github.com/skycoin/cx/cmd/type_checker/functions.go:53.9,55.4 1 1
github.com/skycoin/cx/cmd/type_checker/globals.go:15.76,18.33 1 1
github.com/skycoin/cx/cmd/type_checker/globals.go:72.2,72.12 1 1
github.com/skycoin/cx/cmd/type_checker/globals.go:18.33,24.31 2 1
github.com/skycoin/cx/cmd/type_checker/globals.go:37.3,42.17 3 1
github.com/skycoin/cx/cmd/type_checker/globals.go:47.3,65.17 11 1
github.com/skycoin/cx/cmd/type_checker/globals.go:69.3,69.130 1 1
github.com/skycoin/cx/cmd/type_checker/globals.go:24.31,30.18 4 1
github.com/skycoin/cx/cmd/type_checker/globals.go:34.4,34.16 1 1
github.com/skycoin/cx/cmd/type_checker/globals.go:30.18,32.5 1 0
github.com/skycoin/cx/cmd/type_checker/globals.go:42.17,44.4 1 0
github.com/skycoin/cx/cmd/type_checker/globals.go:65.17,67.4 1 0
github.com/skycoin/cx/cmd/type_checker/imports.go:9.76,11.32 1 1
github.com/skycoin/cx/cmd/type_checker/imports.go:30.2,30.32 1 1
github.com/skycoin/cx/cmd/type_checker/imports.go:55.2,55.12 1 1
github.com/skycoin/cx/cmd/type_checker/imports.go:11.32,16.31 2 1
github.com/skycoin/cx/cmd/type_checker/imports.go:16.31,22.18 4 1
github.com/skycoin/cx/cmd/type_checker/imports.go:26.4,26.16 1 1
github.com/skycoin/cx/cmd/type_checker/imports.go:22.18,24.5 1 0
github.com/skycoin/cx/cmd/type_checker/imports.go:30.32,36.31 2 1
github.com/skycoin/cx/cmd/type_checker/imports.go:49.3,51.87 2 1
github.com/skycoin/cx/cmd/type_checker/imports.go:36.31,42.18 4 1
github.com/skycoin/cx/cmd/type_checker/imports.go:46.4,46.16 1 1
github.com/skycoin/cx/cmd/type_checker/imports.go:42.18,44.5 1 0
github.com/skycoin/cx/cmd/type_checker/structs.go:12.76,14.32 1 1
github.com/skycoin/cx/cmd/type_checker/structs.go:62.2,62.12 1 1
github.com/skycoin/cx/cmd/type_checker/structs.go:14.32,18.17 2 1
github.com/skycoin/cx/cmd/type_checker/structs.go:32.3,38.17 5 1
github.com/skycoin/cx/cmd/type_checker/structs.go:42.3,44.52 2 1
github.com/skycoin/cx/cmd/type_checker/structs.go:57.3,59.69 2 1
github.com/skycoin/cx/cmd/type_checker/structs.go:18.17,24.18 4 1
github.com/skycoin/cx/cmd/type_checker/structs.go:28.4,28.16 1 1
github.com/skycoin/cx/cmd/type_checker/structs.go:24.18,26.5 1 0
github.com/skycoin/cx/cmd/type_checker/structs.go:38.17,40.4 1 0
github.com/skycoin/cx/cmd/type_checker/structs.go:44.52,50.18 3 1
github.com/skycoin/cx/cmd/type_checker/structs.go:54.4,54.61 1 1
github.com/skycoin/cx/cmd/type_checker/structs.go:50.18,52.5 1 0
github.com/skycoin/cx/cmd/type_checker/type_checker.go:9.233,11.24 1 1
github.com/skycoin/cx/cmd/type_checker/type_checker.go:15.2,16.16 2 1
github.com/skycoin/cx/cmd/type_checker/type_checker.go:20.2,21.16 2 1
github.com/skycoin/cx/cmd/type_checker/type_checker.go:25.2,26.16 2 1
github.com/skycoin/cx/cmd/type_checker/type_checker.go:30.2,31.16 2 1
github.com/skycoin/cx/cmd/type_checker/type_checker.go:35.2,35.12 1 1
github.com/skycoin/cx/cmd/type_checker/type_checker.go:11.24,13.3 1 1
github.com/skycoin/cx/cmd/type_checker/type_checker.go:16.16,18.3 1 0
github.com/skycoin/cx/cmd/type_checker/type_checker.go:21.16,23.3 1 0
github.com/skycoin/cx/cmd/type_checker/type_checker.go:26.16,28.3 1 0
github.com/skycoin/cx/cmd/type_checker/type_checker.go:31.16,33.3 1 0
github.com/skycoin/cx/cmd/type_checker/util.go:17.130,23.82 4 1
github.com/skycoin/cx/cmd/type_checker/util.go:28.2,35.16 6 1
github.com/skycoin/cx/cmd/type_checker/util.go:40.2,43.34 3 1
github.com/skycoin/cx/cmd/type_checker/util.go:23.82,25.3 1 0
github.com/skycoin/cx/cmd/type_checker/util.go:35.16,37.3 1 0
github.com/skycoin/cx/cmd/type_checker/util.go:46.157,52.78 4 1
github.com/skycoin/cx/cmd/type_checker/util.go:57.2,57.68 1 1
github.com/skycoin/cx/cmd/type_checker/util.go:64.2,64.64 1 1
github.com/skycoin/cx/cmd/type_checker/util.go:81.2,81.45 1 1
github.com/skycoin/cx/cmd/type_checker/util.go:88.2,88.85 1 1
github.com/skycoin/cx/cmd/type_checker/util.go:100.2,100.85 1 1
github.com/skycoin/cx/cmd/type_checker/util.go:107.2,107.42 1 1
github.com/skycoin/cx/cmd/type_checker/util.go:111.2,111.81 1 0
github.com/skycoin/cx/cmd/type_checker/util.go:52.78,54.3 1 1
github.com/skycoin/cx/cmd/type_checker/util.go:57.68,61.3 3 1
github.com/skycoin/cx/cmd/type_checker/util.go:64.64,68.41 2 1
github.com/skycoin/cx/cmd/type_checker/util.go:75.3,77.110 3 1
github.com/skycoin/cx/cmd/type_checker/util.go:68.41,72.4 3 1
github.com/skycoin/cx/cmd/type_checker/util.go:81.45,85.3 3 1
github.com/skycoin/cx/cmd/type_checker/util.go:88.85,90.17 2 1
github.com/skycoin/cx/cmd/type_checker/util.go:94.3,96.110 3 1
github.com/skycoin/cx/cmd/type_checker/util.go:90.17,92.4 1 0
github.com/skycoin/cx/cmd/type_checker/util.go:100.85,104.3 3 1
github.com/skycoin/cx/cmd/type_checker/util.go:107.42,109.3 1 1
github.com/skycoin/cx/cmd/type_checker/util.go:114.54,115.33 1 1
github.com/skycoin/cx/cmd/type_checker/util.go:121.2,121.50 1 0
github.com/skycoin/cx/cmd/type_checker/util.go:115.33,116.32 1 1
github.com/skycoin/cx/cmd/type_checker/util.go:116.32,118.4 1 1
